{
  "uuid": "2d73489c-1c17-4d9e-b3e9-1e7f0f42ee29",
  "historyId": "de0e8c1cd5f3333044b4e52d8a59a2df",
  "testCaseId": "16c5d41902bb6207e673d2bdcb17a310",
  "fullName": "BluetoothPermission/Features/bluetoothpermission/Verify bluetooth permissions granted already",
  "labels": [
    {
      "name": "host",
      "value": "IRAYAUTO009"
    },
    {
      "name": "thread",
      "value": "NonParallelWorker"
    },
    {
      "name": "language",
      "value": "C#"
    },
    {
      "name": "framework",
      "value": "Reqnroll"
    },
    {
      "name": "package",
      "value": "Features.bluetoothpermission"
    },
    {
      "name": "feature",
      "value": "bluetoothpermission"
    },
    {
      "name": "tag",
      "value": "tag1"
    }
  ],
  "links": [],
  "name": "Verify bluetooth permissions granted already",
  "status": "broken",
  "statusDetails": {
    "known": false,
    "muted": false,
    "flaky": false,
    "message": "An unknown server-side error occurred while processing the command. Original error: Error executing adbExec. Original error: 'Command 'C:\\\\Users\\\\iray\\\\AppData\\\\Local\\\\Android\\\\Sdk\\\\platform-tools\\\\adb.exe -P 5037 -s RFCNC0X694V install -r C:\\\\Users\\\\iray\\\\source\\\\TestMultiplePlugins.apk' exited with code 1'; Command output: adb: failed to install C:\\Users\\iray\\source\\TestMultiplePlugins.apk: Failure [INSTALL_FAILED_UPDATE_INCOMPATIBLE: Existing package com.ReSound.TestMultiplePlugins signatures do not match newer version; ignoring!]\r\n",
    "trace": "OpenQA.Selenium.WebDriverException: An unknown server-side error occurred while processing the command. Original error: Error executing adbExec. Original error: 'Command 'C:\\\\Users\\\\iray\\\\AppData\\\\Local\\\\Android\\\\Sdk\\\\platform-tools\\\\adb.exe -P 5037 -s RFCNC0X694V install -r C:\\\\Users\\\\iray\\\\source\\\\TestMultiplePlugins.apk' exited with code 1'; Command output: adb: failed to install C:\\Users\\iray\\source\\TestMultiplePlugins.apk: Failure [INSTALL_FAILED_UPDATE_INCOMPATIBLE: Existing package com.ReSound.TestMultiplePlugins signatures do not match newer version; ignoring!]\r\n\r\n   at OpenQA.Selenium.Remote.RemoteWebDriver.UnpackAndThrowOnError(Response errorResponse)\r\n   at OpenQA.Selenium.Remote.RemoteWebDriver.Execute(String driverCommandToExecute, Dictionary`2 parameters)\r\n   at OpenQA.Selenium.Appium.AppiumDriver`1.Execute(String driverCommandToExecute, Dictionary`2 parameters)\r\n   at OpenQA.Selenium.Appium.AppiumDriver`1.InstallApp(String appPath)\r\n   at BluetoothPermission.StepDefinitions.steps.WhenITerminateAndRelaunchThePluginApp() in C:\\Users\\iray\\source\\repos\\BluetoothPermission\\StepDefinitions\\steps.cs:line 127\r\n   at InvokeStub_Action`1.Invoke(Object, Span`1)\r\n   at System.Reflection.MethodBaseInvoker.InvokeWithOneArg(Object obj, BindingFlags invokeAttr, Binder binder, Object[] parameters, CultureInfo culture)\r\n--- End of stack trace from previous location ---\r\n   at Reqnroll.Bindings.BindingInvoker.InvokeBindingAsync(IBinding binding, IContextManager contextManager, Object[] arguments, ITestTracer testTracer, DurationHolder durationHolder)\r\n   at Reqnroll.Infrastructure.TestExecutionEngine.ExecuteStepMatchAsync(BindingMatch match, Object[] arguments, DurationHolder durationHolder)\r\n   at Reqnroll.Infrastructure.TestExecutionEngine.ExecuteStepAsync(IContextManager contextManager, StepInstance stepInstance)\r\n   at Reqnroll.Infrastructure.TestExecutionEngine.OnAfterLastStepAsync()\r\n   at Reqnroll.TestRunner.CollectScenarioErrorsAsync()\r\n   at Allure.ReqnrollPlugin.SelectiveRun.TestPlanAwareTestRunner.CollectScenarioErrorsAsync()\r\n   at BluetoothPermission.Features.BluetoothpermissionFeature.ScenarioCleanupAsync()\r\n   at BluetoothPermission.Features.BluetoothpermissionFeature.VerifyBluetoothPermissionsGrantedAlready() in C:\\Users\\iray\\source\\repos\\BluetoothPermission\\Features\\Feature1.feature:line 27\r\n   at NUnit.Framework.Internal.TaskAwaitAdapter.GenericAdapter`1.GetResult()\r\n   at NUnit.Framework.Internal.AsyncToSyncAdapter.Await(Func`1 invoke)\r\n   at NUnit.Framework.Internal.Commands.TestMethodCommand.RunTestMethod(TestExecutionContext context)\r\n   at NUnit.Framework.Internal.Commands.TestMethodCommand.Execute(TestExecutionContext context)\r\n   at NUnit.Framework.Internal.Commands.BeforeAndAfterTestCommand.<>c__DisplayClass1_0.<Execute>b__0()\r\n   at NUnit.Framework.Internal.Commands.BeforeAndAfterTestCommand.RunTestMethodInThreadAbortSafeZone(TestExecutionContext context, Action action)"
  },
  "stage": "finished",
  "steps": [
    {
      "name": "Given I launch the plugin app",
      "status": "passed",
      "statusDetails": {
        "known": false,
        "muted": false,
        "flaky": false
      },
      "stage": "finished",
      "steps": [],
      "attachments": [],
      "parameters": [],
      "start": 1744798451081,
      "stop": 1744798471637
    },
    {
      "name": "Given I scroll 'Down' and launch plugin 'BluetoothPermissionPlugin'",
      "status": "passed",
      "statusDetails": {
        "known": false,
        "muted": false,
        "flaky": false
      },
      "stage": "finished",
      "steps": [],
      "attachments": [],
      "parameters": [],
      "start": 1744798471639,
      "stop": 1744798476265
    },
    {
      "name": "Given I press 'Ok' on 'BluetoothPermissionPluginPage'",
      "status": "passed",
      "statusDetails": {
        "known": false,
        "muted": false,
        "flaky": false
      },
      "stage": "finished",
      "steps": [],
      "attachments": [],
      "parameters": [],
      "start": 1744798476265,
      "stop": 1744798480536
    },
    {
      "name": "When I 'Grant' permission request",
      "status": "passed",
      "statusDetails": {
        "known": false,
        "muted": false,
        "flaky": false
      },
      "stage": "finished",
      "steps": [],
      "attachments": [],
      "parameters": [],
      "start": 1744798480537,
      "stop": 1744798484805
    },
    {
      "name": "When I terminate and relaunch the plugin app",
      "status": "broken",
      "statusDetails": {
        "known": false,
        "muted": false,
        "flaky": false,
        "message": "An unknown server-side error occurred while processing the command. Original error: Error executing adbExec. Original error: 'Command 'C:\\\\Users\\\\iray\\\\AppData\\\\Local\\\\Android\\\\Sdk\\\\platform-tools\\\\adb.exe -P 5037 -s RFCNC0X694V install -r C:\\\\Users\\\\iray\\\\source\\\\TestMultiplePlugins.apk' exited with code 1'; Command output: adb: failed to install C:\\Users\\iray\\source\\TestMultiplePlugins.apk: Failure [INSTALL_FAILED_UPDATE_INCOMPATIBLE: Existing package com.ReSound.TestMultiplePlugins signatures do not match newer version; ignoring!]\r\n",
        "trace": "OpenQA.Selenium.WebDriverException: An unknown server-side error occurred while processing the command. Original error: Error executing adbExec. Original error: 'Command 'C:\\\\Users\\\\iray\\\\AppData\\\\Local\\\\Android\\\\Sdk\\\\platform-tools\\\\adb.exe -P 5037 -s RFCNC0X694V install -r C:\\\\Users\\\\iray\\\\source\\\\TestMultiplePlugins.apk' exited with code 1'; Command output: adb: failed to install C:\\Users\\iray\\source\\TestMultiplePlugins.apk: Failure [INSTALL_FAILED_UPDATE_INCOMPATIBLE: Existing package com.ReSound.TestMultiplePlugins signatures do not match newer version; ignoring!]\r\n\r\n   at OpenQA.Selenium.Remote.RemoteWebDriver.UnpackAndThrowOnError(Response errorResponse)\r\n   at OpenQA.Selenium.Remote.RemoteWebDriver.Execute(String driverCommandToExecute, Dictionary`2 parameters)\r\n   at OpenQA.Selenium.Appium.AppiumDriver`1.Execute(String driverCommandToExecute, Dictionary`2 parameters)\r\n   at OpenQA.Selenium.Appium.AppiumDriver`1.InstallApp(String appPath)\r\n   at BluetoothPermission.StepDefinitions.steps.WhenITerminateAndRelaunchThePluginApp() in C:\\Users\\iray\\source\\repos\\BluetoothPermission\\StepDefinitions\\steps.cs:line 127\r\n   at InvokeStub_Action`1.Invoke(Object, Span`1)\r\n   at System.Reflection.MethodBaseInvoker.InvokeWithOneArg(Object obj, BindingFlags invokeAttr, Binder binder, Object[] parameters, CultureInfo culture)\r\n--- End of stack trace from previous location ---\r\n   at Reqnroll.Bindings.BindingInvoker.InvokeBindingAsync(IBinding binding, IContextManager contextManager, Object[] arguments, ITestTracer testTracer, DurationHolder durationHolder)\r\n   at Reqnroll.Infrastructure.TestExecutionEngine.ExecuteStepMatchAsync(BindingMatch match, Object[] arguments, DurationHolder durationHolder)\r\n   at Reqnroll.Infrastructure.TestExecutionEngine.ExecuteStepAsync(IContextManager contextManager, StepInstance stepInstance)"
      },
      "stage": "finished",
      "steps": [],
      "attachments": [],
      "parameters": [],
      "start": 1744798484805,
      "stop": 1744798498840
    },
    {
      "name": "When I scroll 'Down' and launch plugin 'BluetoothPermissionPlugin'",
      "status": "skipped",
      "statusDetails": {
        "known": false,
        "muted": false,
        "flaky": false
      },
      "stage": "finished",
      "steps": [],
      "attachments": [],
      "parameters": [],
      "start": 1744798498840,
      "stop": 1744798498844
    }
  ],
  "attachments": [],
  "parameters": [],
  "start": 1744798451077,
  "stop": 1744798498883
}